-------------------------------------------------------------------------------
Test set: com.spd.tasks.TaskListTest
-------------------------------------------------------------------------------
Tests run: 2, Failures: 1, Errors: 0, Skipped: 0, Time elapsed: 0.39 s <<< FAILURE! - in com.spd.tasks.TaskListTest
should_show_the_new_list_generated_from_empty_database_null(com.spd.tasks.TaskListTest)  Time elapsed: 0.342 s  <<< FAILURE!
java.lang.AssertionError: expected null, but was:<[]>
	at com.spd.tasks.TaskListTest.should_show_the_new_list_generated_from_empty_database_null(TaskListTest.java:110)

