-------------------------------------------------------------------------------
Test set: com.spd.tasks.TaskTest
-------------------------------------------------------------------------------
Tests run: 1, Failures: 0, Errors: 1, Skipped: 0, Time elapsed: 0.002 s <<< FAILURE! - in com.spd.tasks.TaskTest
should_initialise_a_new_task(com.spd.tasks.TaskTest)  Time elapsed: 0.002 s  <<< ERROR!
java.lang.NullPointerException: Cannot invoke "java.time.LocalDate.toString()" because the return value of "com.spd.tasks.Task.getDueDay()" is null
	at com.spd.tasks.TaskTest.should_initialise_a_new_task(TaskTest.java:16)

