<?xml version="1.0" encoding="UTF-8"?>
<testsuite xmlns:xsi="http://www.w3.org/2001/XMLSchema-instance" xsi:noNamespaceSchemaLocation="https://maven.apache.org/surefire/maven-surefire-plugin/xsd/surefire-test-report.xsd" name="com.spd.tasks.TaskListTest" time="0.39" tests="2" errors="0" skipped="0" failures="1">
  <properties>
[...]
</properties>
  <testcase name="should_show_the_new_list_generated_from_empty_database_null" classname="com.spd.tasks.TaskListTest" time="0.342">
    <failure message="expected null, but was:&lt;[]&gt;" type="java.lang.AssertionError"><![CDATA[java.lang.AssertionError: expected null, but was:<[]>
	at com.spd.tasks.TaskListTest.should_show_the_new_list_generated_from_empty_database_null(TaskListTest.java:110)
]]></failure>
  </testcase>
  <testcase name="should_print_empty_list" classname="com.spd.tasks.TaskListTest" time="0.003"/>
</testsuite>